TN:
SF:Scripts/advanced.js
FN:3,pow
FN:10,modulo
FN:14,calculateSomething
FNF:3
FNH:3
FNDA:15,pow
FNDA:16,modulo
FNDA:3,calculateSomething
DA:1,1
DA:4,15
DA:5,15
DA:6,15
DA:7,15
DA:11,16
DA:15,3
DA:16,3
DA:17,3
DA:18,3
DA:19,3
DA:20,3
DA:23,1
LF:13
LH:13
BRF:0
BRH:0
end_of_record
TN:
SF:Scripts/basic.js
FN:1,add
FN:5,subtract
FN:9,multiply
FN:13,divide
FNF:4
FNH:4
FNDA:19,add
FNDA:19,subtract
FNDA:19,multiply
FNDA:3,divide
DA:2,19
DA:6,19
DA:10,19
DA:14,3
DA:17,2
LF:5
LH:5
BRF:0
BRH:0
end_of_record
